#
# There is insufficient memory for the Java Runtime Environment to continue.
# Native memory allocation (mmap) failed to map 1065353216 bytes for G1 virtual space
# Possible reasons:
#   The system is out of physical RAM or swap space
#   The process is running with CompressedOops enabled, and the Java Heap may be blocking the growth of the native heap
# Possible solutions:
#   Reduce memory load on the system
#   Increase physical memory or swap space
#   Check if swap backing store is full
#   Decrease Java heap size (-Xmx/-Xms)
#   Decrease number of Java threads
#   Decrease Java thread stack sizes (-Xss)
#   Set larger code cache with -XX:ReservedCodeCacheSize=
#   JVM is running with Zero Based Compressed Oops mode in which the Java heap is
#     placed in the first 32GB address space. The Java Heap base address is the
#     maximum limit for the native heap growth. Please use -XX:HeapBaseMinAddress
#     to set the Java Heap base and to place the Java Heap above 32GB virtual address.
# This output file may be truncated or incomplete.
#
#  Out of Memory Error (os_windows.cpp:3613), pid=60884, tid=60228
#
# JRE version:  (17.0.9+9) (build )
# Java VM: OpenJDK 64-Bit Server VM (17.0.9+9, mixed mode, sharing, tiered, compressed oops, compressed class ptrs, g1 gc, windows-amd64)
# No core dump will be written. Minidumps are not enabled by default on client versions of Windows
#

---------------  S U M M A R Y ------------

Command Line: 

Host: Intel(R) Core(TM) Ultra 9 185H, 22 cores, 63G,  Windows 11 , 64 bit Build 26100 (10.0.26100.3775)
Time: Thu Aug  7 16:34:45 2025 Central Daylight Time elapsed time: 2.033682 seconds (0d 0h 0m 2s)

---------------  T H R E A D  ---------------

Current thread (0x000001cdaa725720):  JavaThread "Unknown thread" [_thread_in_vm, id=60228, stack(0x0000008e74a00000,0x0000008e74b00000)]

Stack: [0x0000008e74a00000,0x0000008e74b00000]
Native frames: (J=compiled Java code, j=interpreted, Vv=VM code, C=native code)
V  [jvm.dll+0x67cf49]
V  [jvm.dll+0x83478a]
V  [jvm.dll+0x83624e]
V  [jvm.dll+0x8368b3]
V  [jvm.dll+0x247f1f]
V  [jvm.dll+0x679d69]
V  [jvm.dll+0x66e6ba]
V  [jvm.dll+0x307e5b]
V  [jvm.dll+0x30f306]
V  [jvm.dll+0x35f0ce]
V  [jvm.dll+0x35f2ff]
V  [jvm.dll+0x2dea58]
V  [jvm.dll+0x2df9c4]
V  [jvm.dll+0x806031]
V  [jvm.dll+0x36cf31]
V  [jvm.dll+0x7e4aac]
V  [jvm.dll+0x3f07af]
V  [jvm.dll+0x3f23e1]
C  [jli.dll+0x528f]
C  [ucrtbase.dll+0x37b0]
C  [KERNEL32.DLL+0x2e8d7]
C  [ntdll.dll+0xb14fc]


---------------  P R O C E S S  ---------------

Threads class SMR info:
_java_thread_list=0x00007ffc4e60ee98, length=0, elements={
}

Java Threads: ( => current thread )

Other Threads:
  0x000001cdaa7ce8a0 GCTaskThread "GC Thread#0" [stack: 0x0000008e74b00000,0x0000008e74c00000] [id=43552]
  0x000001cde81496d0 ConcurrentGCThread "G1 Main Marker" [stack: 0x0000008e74c00000,0x0000008e74d00000] [id=58328]
  0x000001cde814acd0 ConcurrentGCThread "G1 Conc#0" [stack: 0x0000008e74d00000,0x0000008e74e00000] [id=52480]

[error occurred during error reporting (printing all threads), id 0xc0000005, EXCEPTION_ACCESS_VIOLATION (0xc0000005) at pc=0x00007ffc4ddcf497]

VM state: not at safepoint (not fully initialized)

VM Mutex/Monitor currently owned by a thread:  ([mutex/lock_event])
[0x000001cdaa721490] Heap_lock - owner thread: 0x000001cdaa725720

Heap address: 0x0000000409000000, size: 16240 MB, Compressed Oops mode: Zero based, Oop shift amount: 3

CDS archive(s) mapped at: [0x0000000000000000-0x0000000000000000-0x0000000000000000), size 0, SharedBaseAddress: 0x0000000800000000, ArchiveRelocationMode: 1.
Narrow klass base: 0x0000000000000000, Narrow klass shift: 0, Narrow klass range: 0x0

GC Precious Log:
<Empty>

Heap:
 garbage-first heap   total 0K, used 0K [0x0000000409000000, 0x0000000800000000)
  region size 8192K, 0 young (0K), 0 survivors (0K)

[error occurred during error reporting (printing heap information), id 0xc0000005, EXCEPTION_ACCESS_VIOLATION (0xc0000005) at pc=0x00007ffc4e1b6c79]

GC Heap History (0 events):
No events

Dll operation events (1 events):
Event: 0.021 Loaded shared library C:\Program Files\Unity\Hub\Editor\6000.1.13f1\Editor\Data\PlaybackEngines\AndroidPlayer\OpenJDK\bin\java.dll

Deoptimization events (0 events):
No events

Classes unloaded (0 events):
No events

Classes redefined (0 events):
No events

Internal exceptions (0 events):
No events

VM Operations (0 events):
No events

Events (0 events):
No events


Dynamic libraries:
0x00007ff6b5c20000 - 0x00007ff6b5c2e000 	C:\Program Files\Unity\Hub\Editor\6000.1.13f1\Editor\Data\PlaybackEngines\AndroidPlayer\OpenJDK\bin\java.exe
0x00007ffcc7ea0000 - 0x00007ffcc8100000 	C:\Windows\SYSTEM32\ntdll.dll
0x00007ffcc7710000 - 0x00007ffcc77d7000 	C:\Windows\System32\KERNEL32.DLL
0x00007ffcc5080000 - 0x00007ffcc544a000 	C:\Windows\System32\KERNELBASE.dll
0x00007ffcc54f0000 - 0x00007ffcc563b000 	C:\Windows\System32\ucrtbase.dll
0x00007ffcbb290000 - 0x00007ffcbb2a7000 	C:\Program Files\Unity\Hub\Editor\6000.1.13f1\Editor\Data\PlaybackEngines\AndroidPlayer\OpenJDK\bin\jli.dll
0x00007ffcbb270000 - 0x00007ffcbb28b000 	C:\Program Files\Unity\Hub\Editor\6000.1.13f1\Editor\Data\PlaybackEngines\AndroidPlayer\OpenJDK\bin\VCRUNTIME140.dll
0x00007ffcc6a60000 - 0x00007ffcc6c2c000 	C:\Windows\System32\USER32.dll
0x00007ffc98250000 - 0x00007ffc984e7000 	C:\Windows\WinSxS\amd64_microsoft.windows.common-controls_6595b64144ccf1df_6.0.26100.3624_none_3e086962e3345f24\COMCTL32.dll
0x00007ffcc7870000 - 0x00007ffcc7919000 	C:\Windows\System32\msvcrt.dll
0x00007ffcc5af0000 - 0x00007ffcc5b17000 	C:\Windows\System32\win32u.dll
0x00007ffcc7840000 - 0x00007ffcc786a000 	C:\Windows\System32\GDI32.dll
0x00007ffcc5860000 - 0x00007ffcc5991000 	C:\Windows\System32\gdi32full.dll
0x00007ffcc57b0000 - 0x00007ffcc5853000 	C:\Windows\System32\msvcp_win.dll
0x00007ffcc7e20000 - 0x00007ffcc7e4f000 	C:\Windows\System32\IMM32.DLL
0x000001cda8e90000 - 0x000001cda8ea6000 	C:\Windows\System32\umppc19907.dll
0x000001cda8ed0000 - 0x000001cda8ee3000 	C:\Windows\System32\CsXumd64_19907.dll
0x00007ffcc1110000 - 0x00007ffcc111c000 	C:\Program Files\Unity\Hub\Editor\6000.1.13f1\Editor\Data\PlaybackEngines\AndroidPlayer\OpenJDK\bin\vcruntime140_1.dll
0x00007ffc9ea30000 - 0x00007ffc9eabd000 	C:\Program Files\Unity\Hub\Editor\6000.1.13f1\Editor\Data\PlaybackEngines\AndroidPlayer\OpenJDK\bin\msvcp140.dll
0x00007ffc4dae0000 - 0x00007ffc4e741000 	C:\Program Files\Unity\Hub\Editor\6000.1.13f1\Editor\Data\PlaybackEngines\AndroidPlayer\OpenJDK\bin\server\jvm.dll
0x00007ffcc6410000 - 0x00007ffcc64c2000 	C:\Windows\System32\ADVAPI32.dll
0x00007ffcc7220000 - 0x00007ffcc72c6000 	C:\Windows\System32\sechost.dll
0x00007ffcc7920000 - 0x00007ffcc7a36000 	C:\Windows\System32\RPCRT4.dll
0x00007ffcc48b0000 - 0x00007ffcc490e000 	C:\Windows\SYSTEM32\POWRPROF.dll
0x00007ffc8ad10000 - 0x00007ffc8ad1a000 	C:\Windows\SYSTEM32\WSOCK32.dll
0x00007ffcc7b40000 - 0x00007ffcc7bb4000 	C:\Windows\System32\WS2_32.dll
0x00007ffcc1520000 - 0x00007ffcc1556000 	C:\Windows\SYSTEM32\WINMM.dll
0x00007ffcb3bb0000 - 0x00007ffcb3bbb000 	C:\Windows\SYSTEM32\VERSION.dll
0x00007ffcc4890000 - 0x00007ffcc48a4000 	C:\Windows\SYSTEM32\UMPDC.dll
0x00007ffcc3d30000 - 0x00007ffcc3d4a000 	C:\Windows\SYSTEM32\kernel.appcore.dll
0x00007ffcbf360000 - 0x00007ffcbf36a000 	C:\Program Files\Unity\Hub\Editor\6000.1.13f1\Editor\Data\PlaybackEngines\AndroidPlayer\OpenJDK\bin\jimage.dll
0x00007ffcc25c0000 - 0x00007ffcc2801000 	C:\Windows\SYSTEM32\DBGHELP.DLL
0x00007ffcc7380000 - 0x00007ffcc7702000 	C:\Windows\System32\combase.dll
0x00007ffcc7cc0000 - 0x00007ffcc7d96000 	C:\Windows\System32\OLEAUT32.dll
0x00007ffc9fb20000 - 0x00007ffc9fb59000 	C:\Windows\SYSTEM32\dbgcore.DLL
0x00007ffcc5450000 - 0x00007ffcc54e9000 	C:\Windows\System32\bcryptPrimitives.dll
0x00007ffcb3450000 - 0x00007ffcb3475000 	C:\Program Files\Unity\Hub\Editor\6000.1.13f1\Editor\Data\PlaybackEngines\AndroidPlayer\OpenJDK\bin\java.dll

dbghelp: loaded successfully - version: 4.0.5 - missing functions: none
symbol engine: initialized successfully - sym options: 0x614 - pdb path: .;C:\Program Files\Unity\Hub\Editor\6000.1.13f1\Editor\Data\PlaybackEngines\AndroidPlayer\OpenJDK\bin;C:\Windows\SYSTEM32;C:\Windows\WinSxS\amd64_microsoft.windows.common-controls_6595b64144ccf1df_6.0.26100.3624_none_3e086962e3345f24;C:\Program Files\Unity\Hub\Editor\6000.1.13f1\Editor\Data\PlaybackEngines\AndroidPlayer\OpenJDK\bin\server

VM Arguments:
java_command: <unknown>
java_class_path (initial): <not set>
Launcher Type: SUN_STANDARD

[Global flags]
     intx CICompilerCount                          = 12                                        {product} {ergonomic}
     uint ConcGCThreads                            = 4                                         {product} {ergonomic}
     uint G1ConcRefinementThreads                  = 16                                        {product} {ergonomic}
   size_t G1HeapRegionSize                         = 8388608                                   {product} {ergonomic}
    uintx GCDrainStackTargetSize                   = 64                                        {product} {ergonomic}
   size_t InitialHeapSize                          = 1065353216                                {product} {ergonomic}
   size_t MarkStackSize                            = 4194304                                   {product} {ergonomic}
   size_t MaxHeapSize                              = 17028874240                               {product} {ergonomic}
   size_t MinHeapDeltaBytes                        = 8388608                                   {product} {ergonomic}
   size_t MinHeapSize                              = 8388608                                   {product} {ergonomic}
    uintx NonNMethodCodeHeapSize                   = 7602480                                {pd product} {ergonomic}
    uintx NonProfiledCodeHeapSize                  = 122027880                              {pd product} {ergonomic}
    uintx ProfiledCodeHeapSize                     = 122027880                              {pd product} {ergonomic}
    uintx ReservedCodeCacheSize                    = 251658240                              {pd product} {ergonomic}
     bool SegmentedCodeCache                       = true                                      {product} {ergonomic}
   size_t SoftMaxHeapSize                          = 17028874240                            {manageable} {ergonomic}
     bool UseCompressedClassPointers               = true                           {product lp64_product} {ergonomic}
     bool UseCompressedOops                        = true                           {product lp64_product} {ergonomic}
     bool UseG1GC                                  = true                                      {product} {ergonomic}
     bool UseLargePagesIndividualAllocation        = false                                  {pd product} {ergonomic}

Logging:
Log output configuration:
 #0: stdout all=warning uptime,level,tags
 #1: stderr all=off uptime,level,tags

Environment Variables:
JAVA_HOME=C:/Program Files/Unity/Hub/Editor/6000.1.13f1/Editor/Data/PlaybackEngines/AndroidPlayer\OpenJDK
PATH=C:\Program Files\Eclipse Adoptium\jdk-17.0.16.8-hotspot\bin;C:\Program Files\Common Files\Oracle\Java\javapath;C:\Program Files\NVIDIA GPU Computing Toolkit\CUDA\v12.9\bin;C:\Program Files\NVIDIA GPU Computing Toolkit\CUDA\v12.9\libnvvp;C:\Program Files\Git\cmd;C:\Program Files\Git\bin;C:\windows\system32;;C:\Program Files (x86)\Common Files\Oracle\Java\java8path;C:\Program Files (x86)\Common Files\Oracle\Java\javapath;C:\ProgramData\Boxstarter;C:\Windows\system32;C:\Windows;C:\Windows\System32\Wbem;C:\Windows\System32\WindowsPowerShell\v1.0\;C:\Windows\System32\OpenSSH\;C:\ProgramData\chocolatey\bin;C:\Program Files\dotnet\;C:\Program Files\Microsoft SQL Server\150\Tools\Binn\;C:\Program Files\Microsoft SQL Server\Client SDK\ODBC\170\Tools\Binn\;C:\Program Files\Docker\Docker\resources\bin;C:\Program Files\Microsoft VS Code\bin;C:\ProgramData\nvm;C:\Program Files (x86)\Microsoft SQL Server\160\DTS\Binn\;C:\Windows\system32;C:\Program Files\nodejs\;C:\Windows\system32;C:\ProgramData\nvm;C:\nvm4w\nodejs;;C:\Windows\system32;C:\Program Files\CMake\bin;C:\Program Files (x86)\Windows Kits\10\Windows Performance Toolkit\;C:\Program Files\NVIDIA Corporation\Nsight Compute 2025.2.1\;C:\Program Files (x86)\NVIDIA Corporation\PhysX\Common;C:\Users\saad.mankarious\AppData\Local\Microsoft\WindowsApps;C:\Users\saad.mankarious\.dotnet\tools;C:\ProgramData\nvm;C:\Program Files\nodejs;C:\Program Files\LinqPad5;C:\ProgramData\chocolatey\lib\gcloudsdk\tools\google-cloud-sdk\bin;C:\Users\saad.mankarious\AppData\Local\Google\Cloud SDK\google-cloud-sdk\bin;C:\Users\saad.mankarious\AppData\Roaming\npm
USERNAME=saad.mankarious
OS=Windows_NT
PROCESSOR_IDENTIFIER=Intel64 Family 6 Model 170 Stepping 4, GenuineIntel
TMP=C:\Users\SAAD~1.MAN\AppData\Local\Temp
TEMP=C:\Users\SAAD~1.MAN\AppData\Local\Temp



Periodic native trim disabled


---------------  S Y S T E M  ---------------

OS:
 Windows 11 , 64 bit Build 26100 (10.0.26100.3775)
OS uptime: 0 days 16:22 hours
Hyper-V role detected

CPU: total 22 (initial active 22) (11 cores per cpu, 2 threads per core) family 6 model 170 stepping 4 microcode 0x20, cx8, cmov, fxsr, ht, mmx, 3dnowpref, sse, sse2, sse3, ssse3, sse4.1, sse4.2, popcnt, lzcnt, tsc, tscinvbit, avx, avx2, aes, erms, clmul, bmi1, bmi2, adx, sha, fma, vzeroupper, clflush, clflushopt, clwb, hv
Processor Information for processor 0
  Max Mhz: 2300, Current Mhz: 1478, Mhz Limit: 2300
Processor Information for processor 1
  Max Mhz: 2300, Current Mhz: 2300, Mhz Limit: 2300
Processor Information for processor 2
  Max Mhz: 1800, Current Mhz: 1800, Mhz Limit: 1800
Processor Information for processor 3
  Max Mhz: 1800, Current Mhz: 1800, Mhz Limit: 1800
Processor Information for processor 4
  Max Mhz: 1800, Current Mhz: 1800, Mhz Limit: 1800
Processor Information for processor 5
  Max Mhz: 1800, Current Mhz: 1800, Mhz Limit: 1800
Processor Information for processor 6
  Max Mhz: 1800, Current Mhz: 1500, Mhz Limit: 1800
Processor Information for processor 7
  Max Mhz: 1800, Current Mhz: 1500, Mhz Limit: 1800
Processor Information for processor 8
  Max Mhz: 1800, Current Mhz: 1800, Mhz Limit: 1800
Processor Information for processor 9
  Max Mhz: 1800, Current Mhz: 1800, Mhz Limit: 1800
Processor Information for processor 10
  Max Mhz: 2300, Current Mhz: 2300, Mhz Limit: 2300
Processor Information for processor 11
  Max Mhz: 2300, Current Mhz: 2300, Mhz Limit: 2300
Processor Information for processor 12
  Max Mhz: 2300, Current Mhz: 2300, Mhz Limit: 2300
Processor Information for processor 13
  Max Mhz: 2300, Current Mhz: 2300, Mhz Limit: 2300
Processor Information for processor 14
  Max Mhz: 2300, Current Mhz: 2300, Mhz Limit: 2300
Processor Information for processor 15
  Max Mhz: 2300, Current Mhz: 2300, Mhz Limit: 2300
Processor Information for processor 16
  Max Mhz: 2300, Current Mhz: 2300, Mhz Limit: 2300
Processor Information for processor 17
  Max Mhz: 2300, Current Mhz: 2300, Mhz Limit: 2300
Processor Information for processor 18
  Max Mhz: 2300, Current Mhz: 2300, Mhz Limit: 2300
Processor Information for processor 19
  Max Mhz: 2300, Current Mhz: 2300, Mhz Limit: 2300
Processor Information for processor 20
  Max Mhz: 1000, Current Mhz: 1000, Mhz Limit: 1000
Processor Information for processor 21
  Max Mhz: 1000, Current Mhz: 1000, Mhz Limit: 1000

Memory: 4k page, system-wide physical 64956M (23514M free)
TotalPageFile size 69052M (AvailPageFile size 607M)
current process WorkingSet (physical memory assigned to process): 13M, peak: 13M
current process commit charge ("private bytes"): 78M, peak: 1094M

vm_info: OpenJDK 64-Bit Server VM (17.0.9+9) for windows-amd64 JRE (17.0.9+9), built on Oct 26 2023 14:01:42 by "admin" with MS VC++ 16.10 / 16.11 (VS2019)

END.
